1762099804: mosquitto version 2.0.22 starting
1762099804: Config loaded from /mosquitto/config/mosquitto.conf.
1762099804: Opening ipv4 listen socket on port 1883.
1762099804: Opening websockets listen socket on port 9001.
1762099804: mosquitto version 2.0.22 running
1762099815: New connection from 172.18.0.5:53979 on port 1883.
1762099815: New client connected from 172.18.0.5:53979 as rtls-ingestor-29aeb9fa08ae-a8e6b8 (p2, c1, k60).
1762099815: Will message specified (71 bytes) (r1, q1).
1762099815: 	rtls/ingestor/status
1762099815: Sending CONNACK to rtls-ingestor-29aeb9fa08ae-a8e6b8 (0, 0)
1762099815: Received PUBLISH from rtls-ingestor-29aeb9fa08ae-a8e6b8 (d0, q1, r1, m1, 'rtls/ingestor/status', ... (70 bytes))
1762099815: Sending PUBACK to rtls-ingestor-29aeb9fa08ae-a8e6b8 (m1, rc0)
1762099815: Received SUBSCRIBE from rtls-ingestor-29aeb9fa08ae-a8e6b8
1762099815: 	rtls/anchor/+/scan (QoS 1)
1762099815: rtls-ingestor-29aeb9fa08ae-a8e6b8 1 rtls/anchor/+/scan
1762099815: 	rtls/anchor/+/status (QoS 1)
1762099815: rtls-ingestor-29aeb9fa08ae-a8e6b8 1 rtls/anchor/+/status
1762099815: 	rtls/events (QoS 1)
1762099815: rtls-ingestor-29aeb9fa08ae-a8e6b8 1 rtls/events
1762099815: Sending SUBACK to rtls-ingestor-29aeb9fa08ae-a8e6b8
1762099875: Received PINGREQ from rtls-ingestor-29aeb9fa08ae-a8e6b8
1762099875: Sending PINGRESP to rtls-ingestor-29aeb9fa08ae-a8e6b8
1762099935: Received PINGREQ from rtls-ingestor-29aeb9fa08ae-a8e6b8
1762099935: Sending PINGRESP to rtls-ingestor-29aeb9fa08ae-a8e6b8
1762099996: Received PINGREQ from rtls-ingestor-29aeb9fa08ae-a8e6b8
1762099996: Sending PINGRESP to rtls-ingestor-29aeb9fa08ae-a8e6b8
1762100056: Received PINGREQ from rtls-ingestor-29aeb9fa08ae-a8e6b8
1762100056: Sending PINGRESP to rtls-ingestor-29aeb9fa08ae-a8e6b8
1762100116: Received PINGREQ from rtls-ingestor-29aeb9fa08ae-a8e6b8
1762100116: Sending PINGRESP to rtls-ingestor-29aeb9fa08ae-a8e6b8
1762100177: Received PINGREQ from rtls-ingestor-29aeb9fa08ae-a8e6b8
1762100177: Sending PINGRESP to rtls-ingestor-29aeb9fa08ae-a8e6b8
1762100237: Received PINGREQ from rtls-ingestor-29aeb9fa08ae-a8e6b8
1762100237: Sending PINGRESP to rtls-ingestor-29aeb9fa08ae-a8e6b8
1762100297: Received PINGREQ from rtls-ingestor-29aeb9fa08ae-a8e6b8
1762100297: Sending PINGRESP to rtls-ingestor-29aeb9fa08ae-a8e6b8
1762100357: Received PINGREQ from rtls-ingestor-29aeb9fa08ae-a8e6b8
1762100357: Sending PINGRESP to rtls-ingestor-29aeb9fa08ae-a8e6b8
1762100418: Received PINGREQ from rtls-ingestor-29aeb9fa08ae-a8e6b8
1762100418: Sending PINGRESP to rtls-ingestor-29aeb9fa08ae-a8e6b8
1762100478: Received PINGREQ from rtls-ingestor-29aeb9fa08ae-a8e6b8
1762100478: Sending PINGRESP to rtls-ingestor-29aeb9fa08ae-a8e6b8
1762100538: Received PINGREQ from rtls-ingestor-29aeb9fa08ae-a8e6b8
1762100538: Sending PINGRESP to rtls-ingestor-29aeb9fa08ae-a8e6b8
1762100599: Received PINGREQ from rtls-ingestor-29aeb9fa08ae-a8e6b8
1762100599: Sending PINGRESP to rtls-ingestor-29aeb9fa08ae-a8e6b8
1762100659: Received PINGREQ from rtls-ingestor-29aeb9fa08ae-a8e6b8
1762100659: Sending PINGRESP to rtls-ingestor-29aeb9fa08ae-a8e6b8
1762100719: Received PINGREQ from rtls-ingestor-29aeb9fa08ae-a8e6b8
1762100719: Sending PINGRESP to rtls-ingestor-29aeb9fa08ae-a8e6b8
1762100780: Received PINGREQ from rtls-ingestor-29aeb9fa08ae-a8e6b8
1762100780: Sending PINGRESP to rtls-ingestor-29aeb9fa08ae-a8e6b8
1762100840: Received PINGREQ from rtls-ingestor-29aeb9fa08ae-a8e6b8
1762100840: Sending PINGRESP to rtls-ingestor-29aeb9fa08ae-a8e6b8
1762100900: Received PINGREQ from rtls-ingestor-29aeb9fa08ae-a8e6b8
1762100900: Sending PINGRESP to rtls-ingestor-29aeb9fa08ae-a8e6b8
1762100960: Received PINGREQ from rtls-ingestor-29aeb9fa08ae-a8e6b8
1762100960: Sending PINGRESP to rtls-ingestor-29aeb9fa08ae-a8e6b8
1762101021: Received PINGREQ from rtls-ingestor-29aeb9fa08ae-a8e6b8
1762101021: Sending PINGRESP to rtls-ingestor-29aeb9fa08ae-a8e6b8
1762101081: Received PINGREQ from rtls-ingestor-29aeb9fa08ae-a8e6b8
1762101081: Sending PINGRESP to rtls-ingestor-29aeb9fa08ae-a8e6b8
1762101141: Received PINGREQ from rtls-ingestor-29aeb9fa08ae-a8e6b8
1762101141: Sending PINGRESP to rtls-ingestor-29aeb9fa08ae-a8e6b8
1762101202: Received PINGREQ from rtls-ingestor-29aeb9fa08ae-a8e6b8
1762101202: Sending PINGRESP to rtls-ingestor-29aeb9fa08ae-a8e6b8
1762101262: Received PINGREQ from rtls-ingestor-29aeb9fa08ae-a8e6b8
1762101262: Sending PINGRESP to rtls-ingestor-29aeb9fa08ae-a8e6b8
1762101322: Received PINGREQ from rtls-ingestor-29aeb9fa08ae-a8e6b8
1762101322: Sending PINGRESP to rtls-ingestor-29aeb9fa08ae-a8e6b8
1762101382: Received PINGREQ from rtls-ingestor-29aeb9fa08ae-a8e6b8
1762101382: Sending PINGRESP to rtls-ingestor-29aeb9fa08ae-a8e6b8
1762101443: Received PINGREQ from rtls-ingestor-29aeb9fa08ae-a8e6b8
1762101443: Sending PINGRESP to rtls-ingestor-29aeb9fa08ae-a8e6b8
1762101503: Received PINGREQ from rtls-ingestor-29aeb9fa08ae-a8e6b8
1762101503: Sending PINGRESP to rtls-ingestor-29aeb9fa08ae-a8e6b8
1762101563: Received PINGREQ from rtls-ingestor-29aeb9fa08ae-a8e6b8
1762101563: Sending PINGRESP to rtls-ingestor-29aeb9fa08ae-a8e6b8
1762101604: Saving in-memory database to /mosquitto/data//mosquitto.db.
1762101624: Received PINGREQ from rtls-ingestor-29aeb9fa08ae-a8e6b8
1762101624: Sending PINGRESP to rtls-ingestor-29aeb9fa08ae-a8e6b8
1762101684: Received PINGREQ from rtls-ingestor-29aeb9fa08ae-a8e6b8
1762101684: Sending PINGRESP to rtls-ingestor-29aeb9fa08ae-a8e6b8
1762101744: Received PINGREQ from rtls-ingestor-29aeb9fa08ae-a8e6b8
1762101744: Sending PINGRESP to rtls-ingestor-29aeb9fa08ae-a8e6b8
1762101805: Received PINGREQ from rtls-ingestor-29aeb9fa08ae-a8e6b8
1762101805: Sending PINGRESP to rtls-ingestor-29aeb9fa08ae-a8e6b8
1762101865: Received PINGREQ from rtls-ingestor-29aeb9fa08ae-a8e6b8
1762101865: Sending PINGRESP to rtls-ingestor-29aeb9fa08ae-a8e6b8
1762101925: Received PINGREQ from rtls-ingestor-29aeb9fa08ae-a8e6b8
1762101925: Sending PINGRESP to rtls-ingestor-29aeb9fa08ae-a8e6b8
1762101985: Received PINGREQ from rtls-ingestor-29aeb9fa08ae-a8e6b8
1762101985: Sending PINGRESP to rtls-ingestor-29aeb9fa08ae-a8e6b8
1762102046: Received PINGREQ from rtls-ingestor-29aeb9fa08ae-a8e6b8
1762102046: Sending PINGRESP to rtls-ingestor-29aeb9fa08ae-a8e6b8
1762102106: Received PINGREQ from rtls-ingestor-29aeb9fa08ae-a8e6b8
1762102106: Sending PINGRESP to rtls-ingestor-29aeb9fa08ae-a8e6b8
1762102166: Received PINGREQ from rtls-ingestor-29aeb9fa08ae-a8e6b8
1762102166: Sending PINGRESP to rtls-ingestor-29aeb9fa08ae-a8e6b8
1762102227: Received PINGREQ from rtls-ingestor-29aeb9fa08ae-a8e6b8
1762102227: Sending PINGRESP to rtls-ingestor-29aeb9fa08ae-a8e6b8
1762102287: Received PINGREQ from rtls-ingestor-29aeb9fa08ae-a8e6b8
1762102287: Sending PINGRESP to rtls-ingestor-29aeb9fa08ae-a8e6b8
1762102347: Received PINGREQ from rtls-ingestor-29aeb9fa08ae-a8e6b8
1762102347: Sending PINGRESP to rtls-ingestor-29aeb9fa08ae-a8e6b8
1762102408: Received PINGREQ from rtls-ingestor-29aeb9fa08ae-a8e6b8
1762102408: Sending PINGRESP to rtls-ingestor-29aeb9fa08ae-a8e6b8
1762102468: Received PINGREQ from rtls-ingestor-29aeb9fa08ae-a8e6b8
1762102468: Sending PINGRESP to rtls-ingestor-29aeb9fa08ae-a8e6b8
1762102528: Received PINGREQ from rtls-ingestor-29aeb9fa08ae-a8e6b8
1762102528: Sending PINGRESP to rtls-ingestor-29aeb9fa08ae-a8e6b8
1762102589: Received PINGREQ from rtls-ingestor-29aeb9fa08ae-a8e6b8
1762102589: Sending PINGRESP to rtls-ingestor-29aeb9fa08ae-a8e6b8
1762102649: Received PINGREQ from rtls-ingestor-29aeb9fa08ae-a8e6b8
1762102649: Sending PINGRESP to rtls-ingestor-29aeb9fa08ae-a8e6b8
1762102709: Received PINGREQ from rtls-ingestor-29aeb9fa08ae-a8e6b8
1762102709: Sending PINGRESP to rtls-ingestor-29aeb9fa08ae-a8e6b8
1762102769: Received PINGREQ from rtls-ingestor-29aeb9fa08ae-a8e6b8
1762102769: Sending PINGRESP to rtls-ingestor-29aeb9fa08ae-a8e6b8
1762102830: Received PINGREQ from rtls-ingestor-29aeb9fa08ae-a8e6b8
1762102830: Sending PINGRESP to rtls-ingestor-29aeb9fa08ae-a8e6b8
1762102890: Received PINGREQ from rtls-ingestor-29aeb9fa08ae-a8e6b8
1762102890: Sending PINGRESP to rtls-ingestor-29aeb9fa08ae-a8e6b8
1762102950: Received PINGREQ from rtls-ingestor-29aeb9fa08ae-a8e6b8
1762102950: Sending PINGRESP to rtls-ingestor-29aeb9fa08ae-a8e6b8
1762103011: Received PINGREQ from rtls-ingestor-29aeb9fa08ae-a8e6b8
1762103011: Sending PINGRESP to rtls-ingestor-29aeb9fa08ae-a8e6b8
1762103071: Received PINGREQ from rtls-ingestor-29aeb9fa08ae-a8e6b8
1762103071: Sending PINGRESP to rtls-ingestor-29aeb9fa08ae-a8e6b8
1762103131: Received PINGREQ from rtls-ingestor-29aeb9fa08ae-a8e6b8
1762103131: Sending PINGRESP to rtls-ingestor-29aeb9fa08ae-a8e6b8
1762103192: Received PINGREQ from rtls-ingestor-29aeb9fa08ae-a8e6b8
1762103192: Sending PINGRESP to rtls-ingestor-29aeb9fa08ae-a8e6b8
1762103252: Received PINGREQ from rtls-ingestor-29aeb9fa08ae-a8e6b8
1762103252: Sending PINGRESP to rtls-ingestor-29aeb9fa08ae-a8e6b8
1762103312: Received PINGREQ from rtls-ingestor-29aeb9fa08ae-a8e6b8
1762103312: Sending PINGRESP to rtls-ingestor-29aeb9fa08ae-a8e6b8
1762103373: Received PINGREQ from rtls-ingestor-29aeb9fa08ae-a8e6b8
1762103373: Sending PINGRESP to rtls-ingestor-29aeb9fa08ae-a8e6b8
1762103405: Saving in-memory database to /mosquitto/data//mosquitto.db.
1762103433: Received PINGREQ from rtls-ingestor-29aeb9fa08ae-a8e6b8
1762103433: Sending PINGRESP to rtls-ingestor-29aeb9fa08ae-a8e6b8
1762103493: Received PINGREQ from rtls-ingestor-29aeb9fa08ae-a8e6b8
1762103493: Sending PINGRESP to rtls-ingestor-29aeb9fa08ae-a8e6b8
1762103553: Received PINGREQ from rtls-ingestor-29aeb9fa08ae-a8e6b8
1762103553: Sending PINGRESP to rtls-ingestor-29aeb9fa08ae-a8e6b8
1762103614: Received PINGREQ from rtls-ingestor-29aeb9fa08ae-a8e6b8
1762103614: Sending PINGRESP to rtls-ingestor-29aeb9fa08ae-a8e6b8
1762103674: Received PINGREQ from rtls-ingestor-29aeb9fa08ae-a8e6b8
1762103674: Sending PINGRESP to rtls-ingestor-29aeb9fa08ae-a8e6b8
1762103734: Received PINGREQ from rtls-ingestor-29aeb9fa08ae-a8e6b8
1762103734: Sending PINGRESP to rtls-ingestor-29aeb9fa08ae-a8e6b8
1762103795: Received PINGREQ from rtls-ingestor-29aeb9fa08ae-a8e6b8
1762103795: Sending PINGRESP to rtls-ingestor-29aeb9fa08ae-a8e6b8
1762103855: Received PINGREQ from rtls-ingestor-29aeb9fa08ae-a8e6b8
1762103855: Sending PINGRESP to rtls-ingestor-29aeb9fa08ae-a8e6b8
1762103915: Received PINGREQ from rtls-ingestor-29aeb9fa08ae-a8e6b8
1762103915: Sending PINGRESP to rtls-ingestor-29aeb9fa08ae-a8e6b8
1762103976: Received PINGREQ from rtls-ingestor-29aeb9fa08ae-a8e6b8
1762103976: Sending PINGRESP to rtls-ingestor-29aeb9fa08ae-a8e6b8
1762104036: Received PINGREQ from rtls-ingestor-29aeb9fa08ae-a8e6b8
1762104036: Sending PINGRESP to rtls-ingestor-29aeb9fa08ae-a8e6b8
1762104096: Received PINGREQ from rtls-ingestor-29aeb9fa08ae-a8e6b8
1762104096: Sending PINGRESP to rtls-ingestor-29aeb9fa08ae-a8e6b8
1762104157: Received PINGREQ from rtls-ingestor-29aeb9fa08ae-a8e6b8
1762104157: Sending PINGRESP to rtls-ingestor-29aeb9fa08ae-a8e6b8
1762104217: Received PINGREQ from rtls-ingestor-29aeb9fa08ae-a8e6b8
1762104217: Sending PINGRESP to rtls-ingestor-29aeb9fa08ae-a8e6b8
1762104277: Received PINGREQ from rtls-ingestor-29aeb9fa08ae-a8e6b8
1762104277: Sending PINGRESP to rtls-ingestor-29aeb9fa08ae-a8e6b8
1762104337: Received PINGREQ from rtls-ingestor-29aeb9fa08ae-a8e6b8
1762104337: Sending PINGRESP to rtls-ingestor-29aeb9fa08ae-a8e6b8
1762104398: Received PINGREQ from rtls-ingestor-29aeb9fa08ae-a8e6b8
1762104398: Sending PINGRESP to rtls-ingestor-29aeb9fa08ae-a8e6b8
1762104458: Received PINGREQ from rtls-ingestor-29aeb9fa08ae-a8e6b8
1762104458: Sending PINGRESP to rtls-ingestor-29aeb9fa08ae-a8e6b8
1762104519: Received PINGREQ from rtls-ingestor-29aeb9fa08ae-a8e6b8
1762104519: Sending PINGRESP to rtls-ingestor-29aeb9fa08ae-a8e6b8
1762104579: Received PINGREQ from rtls-ingestor-29aeb9fa08ae-a8e6b8
1762104579: Sending PINGRESP to rtls-ingestor-29aeb9fa08ae-a8e6b8
1762104640: Received PINGREQ from rtls-ingestor-29aeb9fa08ae-a8e6b8
1762104640: Sending PINGRESP to rtls-ingestor-29aeb9fa08ae-a8e6b8
1762104700: Received PINGREQ from rtls-ingestor-29aeb9fa08ae-a8e6b8
1762104700: Sending PINGRESP to rtls-ingestor-29aeb9fa08ae-a8e6b8
1762104761: Received PINGREQ from rtls-ingestor-29aeb9fa08ae-a8e6b8
1762104761: Sending PINGRESP to rtls-ingestor-29aeb9fa08ae-a8e6b8
1762104821: Received PINGREQ from rtls-ingestor-29aeb9fa08ae-a8e6b8
1762104821: Sending PINGRESP to rtls-ingestor-29aeb9fa08ae-a8e6b8
1762104881: Received PINGREQ from rtls-ingestor-29aeb9fa08ae-a8e6b8
1762104881: Sending PINGRESP to rtls-ingestor-29aeb9fa08ae-a8e6b8
1762104942: Received PINGREQ from rtls-ingestor-29aeb9fa08ae-a8e6b8
1762104942: Sending PINGRESP to rtls-ingestor-29aeb9fa08ae-a8e6b8
1762105002: Received PINGREQ from rtls-ingestor-29aeb9fa08ae-a8e6b8
1762105002: Sending PINGRESP to rtls-ingestor-29aeb9fa08ae-a8e6b8
1762105063: Received PINGREQ from rtls-ingestor-29aeb9fa08ae-a8e6b8
1762105063: Sending PINGRESP to rtls-ingestor-29aeb9fa08ae-a8e6b8
1762105123: Received PINGREQ from rtls-ingestor-29aeb9fa08ae-a8e6b8
1762105123: Sending PINGRESP to rtls-ingestor-29aeb9fa08ae-a8e6b8
1762105184: Received PINGREQ from rtls-ingestor-29aeb9fa08ae-a8e6b8
1762105184: Sending PINGRESP to rtls-ingestor-29aeb9fa08ae-a8e6b8
1762105206: Saving in-memory database to /mosquitto/data//mosquitto.db.
1762105244: Received PINGREQ from rtls-ingestor-29aeb9fa08ae-a8e6b8
1762105244: Sending PINGRESP to rtls-ingestor-29aeb9fa08ae-a8e6b8
1762105305: Received PINGREQ from rtls-ingestor-29aeb9fa08ae-a8e6b8
1762105305: Sending PINGRESP to rtls-ingestor-29aeb9fa08ae-a8e6b8
1762105365: Received PINGREQ from rtls-ingestor-29aeb9fa08ae-a8e6b8
1762105365: Sending PINGRESP to rtls-ingestor-29aeb9fa08ae-a8e6b8
1762105426: Received PINGREQ from rtls-ingestor-29aeb9fa08ae-a8e6b8
1762105426: Sending PINGRESP to rtls-ingestor-29aeb9fa08ae-a8e6b8
1762105486: Received PINGREQ from rtls-ingestor-29aeb9fa08ae-a8e6b8
1762105486: Sending PINGRESP to rtls-ingestor-29aeb9fa08ae-a8e6b8
1762105547: Received PINGREQ from rtls-ingestor-29aeb9fa08ae-a8e6b8
1762105547: Sending PINGRESP to rtls-ingestor-29aeb9fa08ae-a8e6b8
1762105607: Received PINGREQ from rtls-ingestor-29aeb9fa08ae-a8e6b8
1762105607: Sending PINGRESP to rtls-ingestor-29aeb9fa08ae-a8e6b8
1762105667: Received PINGREQ from rtls-ingestor-29aeb9fa08ae-a8e6b8
1762105667: Sending PINGRESP to rtls-ingestor-29aeb9fa08ae-a8e6b8
1762105728: Received PINGREQ from rtls-ingestor-29aeb9fa08ae-a8e6b8
1762105728: Sending PINGRESP to rtls-ingestor-29aeb9fa08ae-a8e6b8
1762105788: Received PINGREQ from rtls-ingestor-29aeb9fa08ae-a8e6b8
1762105788: Sending PINGRESP to rtls-ingestor-29aeb9fa08ae-a8e6b8
1762105849: Received PINGREQ from rtls-ingestor-29aeb9fa08ae-a8e6b8
1762105849: Sending PINGRESP to rtls-ingestor-29aeb9fa08ae-a8e6b8
1762105909: Received PINGREQ from rtls-ingestor-29aeb9fa08ae-a8e6b8
1762105909: Sending PINGRESP to rtls-ingestor-29aeb9fa08ae-a8e6b8
1762105970: Received PINGREQ from rtls-ingestor-29aeb9fa08ae-a8e6b8
1762105970: Sending PINGRESP to rtls-ingestor-29aeb9fa08ae-a8e6b8
1762106030: Received PINGREQ from rtls-ingestor-29aeb9fa08ae-a8e6b8
1762106030: Sending PINGRESP to rtls-ingestor-29aeb9fa08ae-a8e6b8
1762106091: Received PINGREQ from rtls-ingestor-29aeb9fa08ae-a8e6b8
1762106091: Sending PINGRESP to rtls-ingestor-29aeb9fa08ae-a8e6b8
1762106151: Received PINGREQ from rtls-ingestor-29aeb9fa08ae-a8e6b8
1762106151: Sending PINGRESP to rtls-ingestor-29aeb9fa08ae-a8e6b8
1762106212: Received PINGREQ from rtls-ingestor-29aeb9fa08ae-a8e6b8
1762106212: Sending PINGRESP to rtls-ingestor-29aeb9fa08ae-a8e6b8
1762106272: Received PINGREQ from rtls-ingestor-29aeb9fa08ae-a8e6b8
1762106272: Sending PINGRESP to rtls-ingestor-29aeb9fa08ae-a8e6b8
1762106333: Received PINGREQ from rtls-ingestor-29aeb9fa08ae-a8e6b8
1762106333: Sending PINGRESP to rtls-ingestor-29aeb9fa08ae-a8e6b8
1762106393: Received PINGREQ from rtls-ingestor-29aeb9fa08ae-a8e6b8
1762106393: Sending PINGRESP to rtls-ingestor-29aeb9fa08ae-a8e6b8
1762106453: Received PINGREQ from rtls-ingestor-29aeb9fa08ae-a8e6b8
1762106453: Sending PINGRESP to rtls-ingestor-29aeb9fa08ae-a8e6b8
1762106514: Received PINGREQ from rtls-ingestor-29aeb9fa08ae-a8e6b8
1762106514: Sending PINGRESP to rtls-ingestor-29aeb9fa08ae-a8e6b8
1762106574: Received PINGREQ from rtls-ingestor-29aeb9fa08ae-a8e6b8
1762106574: Sending PINGRESP to rtls-ingestor-29aeb9fa08ae-a8e6b8
1762106635: Received PINGREQ from rtls-ingestor-29aeb9fa08ae-a8e6b8
1762106635: Sending PINGRESP to rtls-ingestor-29aeb9fa08ae-a8e6b8
1762106695: Received PINGREQ from rtls-ingestor-29aeb9fa08ae-a8e6b8
1762106695: Sending PINGRESP to rtls-ingestor-29aeb9fa08ae-a8e6b8
1762106756: Received PINGREQ from rtls-ingestor-29aeb9fa08ae-a8e6b8
1762106756: Sending PINGRESP to rtls-ingestor-29aeb9fa08ae-a8e6b8
1762106816: Received PINGREQ from rtls-ingestor-29aeb9fa08ae-a8e6b8
1762106816: Sending PINGRESP to rtls-ingestor-29aeb9fa08ae-a8e6b8
1762106877: Received PINGREQ from rtls-ingestor-29aeb9fa08ae-a8e6b8
1762106877: Sending PINGRESP to rtls-ingestor-29aeb9fa08ae-a8e6b8
1762106937: Received PINGREQ from rtls-ingestor-29aeb9fa08ae-a8e6b8
1762106937: Sending PINGRESP to rtls-ingestor-29aeb9fa08ae-a8e6b8
1762106997: Received PINGREQ from rtls-ingestor-29aeb9fa08ae-a8e6b8
1762106997: Sending PINGRESP to rtls-ingestor-29aeb9fa08ae-a8e6b8
1762107007: Saving in-memory database to /mosquitto/data//mosquitto.db.
1762107058: Received PINGREQ from rtls-ingestor-29aeb9fa08ae-a8e6b8
1762107058: Sending PINGRESP to rtls-ingestor-29aeb9fa08ae-a8e6b8
1762107118: Received PINGREQ from rtls-ingestor-29aeb9fa08ae-a8e6b8
1762107118: Sending PINGRESP to rtls-ingestor-29aeb9fa08ae-a8e6b8
1762107179: Received PINGREQ from rtls-ingestor-29aeb9fa08ae-a8e6b8
1762107179: Sending PINGRESP to rtls-ingestor-29aeb9fa08ae-a8e6b8
1762107239: Received PINGREQ from rtls-ingestor-29aeb9fa08ae-a8e6b8
1762107239: Sending PINGRESP to rtls-ingestor-29aeb9fa08ae-a8e6b8
1762107300: Received PINGREQ from rtls-ingestor-29aeb9fa08ae-a8e6b8
1762107300: Sending PINGRESP to rtls-ingestor-29aeb9fa08ae-a8e6b8
1762107360: Received PINGREQ from rtls-ingestor-29aeb9fa08ae-a8e6b8
1762107360: Sending PINGRESP to rtls-ingestor-29aeb9fa08ae-a8e6b8
1762107421: Received PINGREQ from rtls-ingestor-29aeb9fa08ae-a8e6b8
1762107421: Sending PINGRESP to rtls-ingestor-29aeb9fa08ae-a8e6b8
1762107481: Received PINGREQ from rtls-ingestor-29aeb9fa08ae-a8e6b8
1762107481: Sending PINGRESP to rtls-ingestor-29aeb9fa08ae-a8e6b8
1762107541: Received PINGREQ from rtls-ingestor-29aeb9fa08ae-a8e6b8
1762107541: Sending PINGRESP to rtls-ingestor-29aeb9fa08ae-a8e6b8
1762107602: Received PINGREQ from rtls-ingestor-29aeb9fa08ae-a8e6b8
1762107602: Sending PINGRESP to rtls-ingestor-29aeb9fa08ae-a8e6b8
1762107662: Received PINGREQ from rtls-ingestor-29aeb9fa08ae-a8e6b8
1762107662: Sending PINGRESP to rtls-ingestor-29aeb9fa08ae-a8e6b8
1762107723: Received PINGREQ from rtls-ingestor-29aeb9fa08ae-a8e6b8
1762107723: Sending PINGRESP to rtls-ingestor-29aeb9fa08ae-a8e6b8
1762107783: Received PINGREQ from rtls-ingestor-29aeb9fa08ae-a8e6b8
1762107783: Sending PINGRESP to rtls-ingestor-29aeb9fa08ae-a8e6b8
1762107844: Received PINGREQ from rtls-ingestor-29aeb9fa08ae-a8e6b8
1762107844: Sending PINGRESP to rtls-ingestor-29aeb9fa08ae-a8e6b8
1762107904: Received PINGREQ from rtls-ingestor-29aeb9fa08ae-a8e6b8
1762107904: Sending PINGRESP to rtls-ingestor-29aeb9fa08ae-a8e6b8
1762107965: Received PINGREQ from rtls-ingestor-29aeb9fa08ae-a8e6b8
1762107965: Sending PINGRESP to rtls-ingestor-29aeb9fa08ae-a8e6b8
1762108025: Received PINGREQ from rtls-ingestor-29aeb9fa08ae-a8e6b8
1762108025: Sending PINGRESP to rtls-ingestor-29aeb9fa08ae-a8e6b8
1762108086: Received PINGREQ from rtls-ingestor-29aeb9fa08ae-a8e6b8
1762108086: Sending PINGRESP to rtls-ingestor-29aeb9fa08ae-a8e6b8
1762108146: Received PINGREQ from rtls-ingestor-29aeb9fa08ae-a8e6b8
1762108146: Sending PINGRESP to rtls-ingestor-29aeb9fa08ae-a8e6b8
1762108207: Received PINGREQ from rtls-ingestor-29aeb9fa08ae-a8e6b8
1762108207: Sending PINGRESP to rtls-ingestor-29aeb9fa08ae-a8e6b8
1762108267: Received PINGREQ from rtls-ingestor-29aeb9fa08ae-a8e6b8
1762108267: Sending PINGRESP to rtls-ingestor-29aeb9fa08ae-a8e6b8
1762108328: Received PINGREQ from rtls-ingestor-29aeb9fa08ae-a8e6b8
1762108328: Sending PINGRESP to rtls-ingestor-29aeb9fa08ae-a8e6b8
1762108388: Received PINGREQ from rtls-ingestor-29aeb9fa08ae-a8e6b8
1762108388: Sending PINGRESP to rtls-ingestor-29aeb9fa08ae-a8e6b8
1762108449: Received PINGREQ from rtls-ingestor-29aeb9fa08ae-a8e6b8
1762108449: Sending PINGRESP to rtls-ingestor-29aeb9fa08ae-a8e6b8
1762108509: Received PINGREQ from rtls-ingestor-29aeb9fa08ae-a8e6b8
1762108509: Sending PINGRESP to rtls-ingestor-29aeb9fa08ae-a8e6b8
1762108569: Received PINGREQ from rtls-ingestor-29aeb9fa08ae-a8e6b8
1762108569: Sending PINGRESP to rtls-ingestor-29aeb9fa08ae-a8e6b8
1762108630: Received PINGREQ from rtls-ingestor-29aeb9fa08ae-a8e6b8
1762108630: Sending PINGRESP to rtls-ingestor-29aeb9fa08ae-a8e6b8
1762108690: Received PINGREQ from rtls-ingestor-29aeb9fa08ae-a8e6b8
1762108690: Sending PINGRESP to rtls-ingestor-29aeb9fa08ae-a8e6b8
1762108751: Received PINGREQ from rtls-ingestor-29aeb9fa08ae-a8e6b8
1762108751: Sending PINGRESP to rtls-ingestor-29aeb9fa08ae-a8e6b8
1762108808: Saving in-memory database to /mosquitto/data//mosquitto.db.
1762108811: Received PINGREQ from rtls-ingestor-29aeb9fa08ae-a8e6b8
1762108811: Sending PINGRESP to rtls-ingestor-29aeb9fa08ae-a8e6b8
1762108872: Received PINGREQ from rtls-ingestor-29aeb9fa08ae-a8e6b8
1762108872: Sending PINGRESP to rtls-ingestor-29aeb9fa08ae-a8e6b8
1762108932: Received PINGREQ from rtls-ingestor-29aeb9fa08ae-a8e6b8
1762108932: Sending PINGRESP to rtls-ingestor-29aeb9fa08ae-a8e6b8
1762108993: Received PINGREQ from rtls-ingestor-29aeb9fa08ae-a8e6b8
1762108993: Sending PINGRESP to rtls-ingestor-29aeb9fa08ae-a8e6b8
1762109053: Received PINGREQ from rtls-ingestor-29aeb9fa08ae-a8e6b8
1762109053: Sending PINGRESP to rtls-ingestor-29aeb9fa08ae-a8e6b8
1762109113: Received PINGREQ from rtls-ingestor-29aeb9fa08ae-a8e6b8
1762109113: Sending PINGRESP to rtls-ingestor-29aeb9fa08ae-a8e6b8
1762109174: Received PINGREQ from rtls-ingestor-29aeb9fa08ae-a8e6b8
1762109174: Sending PINGRESP to rtls-ingestor-29aeb9fa08ae-a8e6b8
1762109234: Received PINGREQ from rtls-ingestor-29aeb9fa08ae-a8e6b8
1762109234: Sending PINGRESP to rtls-ingestor-29aeb9fa08ae-a8e6b8
1762109295: Received PINGREQ from rtls-ingestor-29aeb9fa08ae-a8e6b8
1762109295: Sending PINGRESP to rtls-ingestor-29aeb9fa08ae-a8e6b8
1762109355: Received PINGREQ from rtls-ingestor-29aeb9fa08ae-a8e6b8
1762109355: Sending PINGRESP to rtls-ingestor-29aeb9fa08ae-a8e6b8
1762109415: Received PINGREQ from rtls-ingestor-29aeb9fa08ae-a8e6b8
1762109415: Sending PINGRESP to rtls-ingestor-29aeb9fa08ae-a8e6b8
1762109476: Received PINGREQ from rtls-ingestor-29aeb9fa08ae-a8e6b8
1762109476: Sending PINGRESP to rtls-ingestor-29aeb9fa08ae-a8e6b8
1762109536: Received PINGREQ from rtls-ingestor-29aeb9fa08ae-a8e6b8
1762109536: Sending PINGRESP to rtls-ingestor-29aeb9fa08ae-a8e6b8
1762109597: Received PINGREQ from rtls-ingestor-29aeb9fa08ae-a8e6b8
1762109597: Sending PINGRESP to rtls-ingestor-29aeb9fa08ae-a8e6b8
1762109657: Received PINGREQ from rtls-ingestor-29aeb9fa08ae-a8e6b8
1762109657: Sending PINGRESP to rtls-ingestor-29aeb9fa08ae-a8e6b8
1762109718: Received PINGREQ from rtls-ingestor-29aeb9fa08ae-a8e6b8
1762109718: Sending PINGRESP to rtls-ingestor-29aeb9fa08ae-a8e6b8
1762109778: Received PINGREQ from rtls-ingestor-29aeb9fa08ae-a8e6b8
1762109778: Sending PINGRESP to rtls-ingestor-29aeb9fa08ae-a8e6b8
1762109839: Received PINGREQ from rtls-ingestor-29aeb9fa08ae-a8e6b8
1762109839: Sending PINGRESP to rtls-ingestor-29aeb9fa08ae-a8e6b8
1762109899: Received PINGREQ from rtls-ingestor-29aeb9fa08ae-a8e6b8
1762109899: Sending PINGRESP to rtls-ingestor-29aeb9fa08ae-a8e6b8
1762109960: Received PINGREQ from rtls-ingestor-29aeb9fa08ae-a8e6b8
1762109960: Sending PINGRESP to rtls-ingestor-29aeb9fa08ae-a8e6b8
1762110020: Received PINGREQ from rtls-ingestor-29aeb9fa08ae-a8e6b8
1762110020: Sending PINGRESP to rtls-ingestor-29aeb9fa08ae-a8e6b8
1762110080: Received PINGREQ from rtls-ingestor-29aeb9fa08ae-a8e6b8
1762110080: Sending PINGRESP to rtls-ingestor-29aeb9fa08ae-a8e6b8
1762110141: Received PINGREQ from rtls-ingestor-29aeb9fa08ae-a8e6b8
1762110141: Sending PINGRESP to rtls-ingestor-29aeb9fa08ae-a8e6b8
1762110201: Received PINGREQ from rtls-ingestor-29aeb9fa08ae-a8e6b8
1762110201: Sending PINGRESP to rtls-ingestor-29aeb9fa08ae-a8e6b8
1762110262: Received PINGREQ from rtls-ingestor-29aeb9fa08ae-a8e6b8
1762110262: Sending PINGRESP to rtls-ingestor-29aeb9fa08ae-a8e6b8
1762110322: Received PINGREQ from rtls-ingestor-29aeb9fa08ae-a8e6b8
1762110322: Sending PINGRESP to rtls-ingestor-29aeb9fa08ae-a8e6b8
1762110383: Received PINGREQ from rtls-ingestor-29aeb9fa08ae-a8e6b8
1762110383: Sending PINGRESP to rtls-ingestor-29aeb9fa08ae-a8e6b8
1762110443: Received PINGREQ from rtls-ingestor-29aeb9fa08ae-a8e6b8
1762110443: Sending PINGRESP to rtls-ingestor-29aeb9fa08ae-a8e6b8
1762110504: Received PINGREQ from rtls-ingestor-29aeb9fa08ae-a8e6b8
1762110504: Sending PINGRESP to rtls-ingestor-29aeb9fa08ae-a8e6b8
1762110564: Received PINGREQ from rtls-ingestor-29aeb9fa08ae-a8e6b8
1762110564: Sending PINGRESP to rtls-ingestor-29aeb9fa08ae-a8e6b8
1762110609: Saving in-memory database to /mosquitto/data//mosquitto.db.
1762110624: Received PINGREQ from rtls-ingestor-29aeb9fa08ae-a8e6b8
1762110624: Sending PINGRESP to rtls-ingestor-29aeb9fa08ae-a8e6b8
1762110685: Received PINGREQ from rtls-ingestor-29aeb9fa08ae-a8e6b8
1762110685: Sending PINGRESP to rtls-ingestor-29aeb9fa08ae-a8e6b8
1762110745: Received PINGREQ from rtls-ingestor-29aeb9fa08ae-a8e6b8
1762110745: Sending PINGRESP to rtls-ingestor-29aeb9fa08ae-a8e6b8
1762110806: Received PINGREQ from rtls-ingestor-29aeb9fa08ae-a8e6b8
1762110806: Sending PINGRESP to rtls-ingestor-29aeb9fa08ae-a8e6b8
1762110866: Received PINGREQ from rtls-ingestor-29aeb9fa08ae-a8e6b8
1762110866: Sending PINGRESP to rtls-ingestor-29aeb9fa08ae-a8e6b8
1762110927: Received PINGREQ from rtls-ingestor-29aeb9fa08ae-a8e6b8
1762110927: Sending PINGRESP to rtls-ingestor-29aeb9fa08ae-a8e6b8
1762110987: Received PINGREQ from rtls-ingestor-29aeb9fa08ae-a8e6b8
1762110987: Sending PINGRESP to rtls-ingestor-29aeb9fa08ae-a8e6b8
1762111048: Received PINGREQ from rtls-ingestor-29aeb9fa08ae-a8e6b8
1762111048: Sending PINGRESP to rtls-ingestor-29aeb9fa08ae-a8e6b8
1762111108: Received PINGREQ from rtls-ingestor-29aeb9fa08ae-a8e6b8
1762111108: Sending PINGRESP to rtls-ingestor-29aeb9fa08ae-a8e6b8
1762111169: Received PINGREQ from rtls-ingestor-29aeb9fa08ae-a8e6b8
1762111169: Sending PINGRESP to rtls-ingestor-29aeb9fa08ae-a8e6b8
1762111229: Received PINGREQ from rtls-ingestor-29aeb9fa08ae-a8e6b8
1762111229: Sending PINGRESP to rtls-ingestor-29aeb9fa08ae-a8e6b8
1762111289: Received PINGREQ from rtls-ingestor-29aeb9fa08ae-a8e6b8
1762111289: Sending PINGRESP to rtls-ingestor-29aeb9fa08ae-a8e6b8
1762111350: Received PINGREQ from rtls-ingestor-29aeb9fa08ae-a8e6b8
1762111350: Sending PINGRESP to rtls-ingestor-29aeb9fa08ae-a8e6b8
1762111410: Received PINGREQ from rtls-ingestor-29aeb9fa08ae-a8e6b8
1762111410: Sending PINGRESP to rtls-ingestor-29aeb9fa08ae-a8e6b8
1762111471: Received PINGREQ from rtls-ingestor-29aeb9fa08ae-a8e6b8
1762111471: Sending PINGRESP to rtls-ingestor-29aeb9fa08ae-a8e6b8
1762111531: Received PINGREQ from rtls-ingestor-29aeb9fa08ae-a8e6b8
1762111531: Sending PINGRESP to rtls-ingestor-29aeb9fa08ae-a8e6b8
1762111592: Received PINGREQ from rtls-ingestor-29aeb9fa08ae-a8e6b8
1762111592: Sending PINGRESP to rtls-ingestor-29aeb9fa08ae-a8e6b8
1762111652: Received PINGREQ from rtls-ingestor-29aeb9fa08ae-a8e6b8
1762111652: Sending PINGRESP to rtls-ingestor-29aeb9fa08ae-a8e6b8
1762111713: Received PINGREQ from rtls-ingestor-29aeb9fa08ae-a8e6b8
1762111713: Sending PINGRESP to rtls-ingestor-29aeb9fa08ae-a8e6b8
1762111773: Received PINGREQ from rtls-ingestor-29aeb9fa08ae-a8e6b8
1762111773: Sending PINGRESP to rtls-ingestor-29aeb9fa08ae-a8e6b8
1762111834: Received PINGREQ from rtls-ingestor-29aeb9fa08ae-a8e6b8
1762111834: Sending PINGRESP to rtls-ingestor-29aeb9fa08ae-a8e6b8
1762111894: Received PINGREQ from rtls-ingestor-29aeb9fa08ae-a8e6b8
1762111894: Sending PINGRESP to rtls-ingestor-29aeb9fa08ae-a8e6b8
1762111955: Received PINGREQ from rtls-ingestor-29aeb9fa08ae-a8e6b8
1762111955: Sending PINGRESP to rtls-ingestor-29aeb9fa08ae-a8e6b8
1762112015: Received PINGREQ from rtls-ingestor-29aeb9fa08ae-a8e6b8
1762112015: Sending PINGRESP to rtls-ingestor-29aeb9fa08ae-a8e6b8
1762112076: Received PINGREQ from rtls-ingestor-29aeb9fa08ae-a8e6b8
1762112076: Sending PINGRESP to rtls-ingestor-29aeb9fa08ae-a8e6b8
1762112136: Received PINGREQ from rtls-ingestor-29aeb9fa08ae-a8e6b8
1762112136: Sending PINGRESP to rtls-ingestor-29aeb9fa08ae-a8e6b8
1762112197: Received PINGREQ from rtls-ingestor-29aeb9fa08ae-a8e6b8
1762112197: Sending PINGRESP to rtls-ingestor-29aeb9fa08ae-a8e6b8
1762112257: Received PINGREQ from rtls-ingestor-29aeb9fa08ae-a8e6b8
1762112257: Sending PINGRESP to rtls-ingestor-29aeb9fa08ae-a8e6b8
1762112318: Received PINGREQ from rtls-ingestor-29aeb9fa08ae-a8e6b8
1762112318: Sending PINGRESP to rtls-ingestor-29aeb9fa08ae-a8e6b8
1762112378: Received PINGREQ from rtls-ingestor-29aeb9fa08ae-a8e6b8
1762112378: Sending PINGRESP to rtls-ingestor-29aeb9fa08ae-a8e6b8
1762112410: Saving in-memory database to /mosquitto/data//mosquitto.db.
1762112439: Received PINGREQ from rtls-ingestor-29aeb9fa08ae-a8e6b8
1762112439: Sending PINGRESP to rtls-ingestor-29aeb9fa08ae-a8e6b8
1762112499: Received PINGREQ from rtls-ingestor-29aeb9fa08ae-a8e6b8
1762112499: Sending PINGRESP to rtls-ingestor-29aeb9fa08ae-a8e6b8
1762112560: Received PINGREQ from rtls-ingestor-29aeb9fa08ae-a8e6b8
1762112560: Sending PINGRESP to rtls-ingestor-29aeb9fa08ae-a8e6b8
1762112620: Received PINGREQ from rtls-ingestor-29aeb9fa08ae-a8e6b8
1762112620: Sending PINGRESP to rtls-ingestor-29aeb9fa08ae-a8e6b8
1762112681: Received PINGREQ from rtls-ingestor-29aeb9fa08ae-a8e6b8
1762112681: Sending PINGRESP to rtls-ingestor-29aeb9fa08ae-a8e6b8
1762112741: Received PINGREQ from rtls-ingestor-29aeb9fa08ae-a8e6b8
1762112741: Sending PINGRESP to rtls-ingestor-29aeb9fa08ae-a8e6b8
1762112801: Received PINGREQ from rtls-ingestor-29aeb9fa08ae-a8e6b8
1762112801: Sending PINGRESP to rtls-ingestor-29aeb9fa08ae-a8e6b8
1762112862: Received PINGREQ from rtls-ingestor-29aeb9fa08ae-a8e6b8
1762112862: Sending PINGRESP to rtls-ingestor-29aeb9fa08ae-a8e6b8
1762112922: Received PINGREQ from rtls-ingestor-29aeb9fa08ae-a8e6b8
1762112922: Sending PINGRESP to rtls-ingestor-29aeb9fa08ae-a8e6b8
1762112983: Received PINGREQ from rtls-ingestor-29aeb9fa08ae-a8e6b8
1762112983: Sending PINGRESP to rtls-ingestor-29aeb9fa08ae-a8e6b8
1762113043: Received PINGREQ from rtls-ingestor-29aeb9fa08ae-a8e6b8
1762113043: Sending PINGRESP to rtls-ingestor-29aeb9fa08ae-a8e6b8
1762113104: Received PINGREQ from rtls-ingestor-29aeb9fa08ae-a8e6b8
1762113104: Sending PINGRESP to rtls-ingestor-29aeb9fa08ae-a8e6b8
1762113164: Received PINGREQ from rtls-ingestor-29aeb9fa08ae-a8e6b8
1762113164: Sending PINGRESP to rtls-ingestor-29aeb9fa08ae-a8e6b8
1762113225: Received PINGREQ from rtls-ingestor-29aeb9fa08ae-a8e6b8
1762113225: Sending PINGRESP to rtls-ingestor-29aeb9fa08ae-a8e6b8
1762113285: Received PINGREQ from rtls-ingestor-29aeb9fa08ae-a8e6b8
1762113285: Sending PINGRESP to rtls-ingestor-29aeb9fa08ae-a8e6b8
1762113346: Received PINGREQ from rtls-ingestor-29aeb9fa08ae-a8e6b8
1762113346: Sending PINGRESP to rtls-ingestor-29aeb9fa08ae-a8e6b8
1762113406: Received PINGREQ from rtls-ingestor-29aeb9fa08ae-a8e6b8
1762113406: Sending PINGRESP to rtls-ingestor-29aeb9fa08ae-a8e6b8
1762113467: Received PINGREQ from rtls-ingestor-29aeb9fa08ae-a8e6b8
1762113467: Sending PINGRESP to rtls-ingestor-29aeb9fa08ae-a8e6b8
1762113527: Received PINGREQ from rtls-ingestor-29aeb9fa08ae-a8e6b8
1762113527: Sending PINGRESP to rtls-ingestor-29aeb9fa08ae-a8e6b8
1762113588: Received PINGREQ from rtls-ingestor-29aeb9fa08ae-a8e6b8
1762113588: Sending PINGRESP to rtls-ingestor-29aeb9fa08ae-a8e6b8
1762113648: Received PINGREQ from rtls-ingestor-29aeb9fa08ae-a8e6b8
1762113648: Sending PINGRESP to rtls-ingestor-29aeb9fa08ae-a8e6b8
1762113708: Received PINGREQ from rtls-ingestor-29aeb9fa08ae-a8e6b8
1762113708: Sending PINGRESP to rtls-ingestor-29aeb9fa08ae-a8e6b8
1762113769: Received PINGREQ from rtls-ingestor-29aeb9fa08ae-a8e6b8
1762113769: Sending PINGRESP to rtls-ingestor-29aeb9fa08ae-a8e6b8
1762113829: Received PINGREQ from rtls-ingestor-29aeb9fa08ae-a8e6b8
1762113829: Sending PINGRESP to rtls-ingestor-29aeb9fa08ae-a8e6b8
1762113890: Received PINGREQ from rtls-ingestor-29aeb9fa08ae-a8e6b8
1762113890: Sending PINGRESP to rtls-ingestor-29aeb9fa08ae-a8e6b8
1762113950: Received PINGREQ from rtls-ingestor-29aeb9fa08ae-a8e6b8
1762113950: Sending PINGRESP to rtls-ingestor-29aeb9fa08ae-a8e6b8
1762114010: Received PINGREQ from rtls-ingestor-29aeb9fa08ae-a8e6b8
1762114010: Sending PINGRESP to rtls-ingestor-29aeb9fa08ae-a8e6b8
1762114071: Received PINGREQ from rtls-ingestor-29aeb9fa08ae-a8e6b8
1762114071: Sending PINGRESP to rtls-ingestor-29aeb9fa08ae-a8e6b8
1762114131: Received PINGREQ from rtls-ingestor-29aeb9fa08ae-a8e6b8
1762114131: Sending PINGRESP to rtls-ingestor-29aeb9fa08ae-a8e6b8
1762114192: Received PINGREQ from rtls-ingestor-29aeb9fa08ae-a8e6b8
1762114192: Sending PINGRESP to rtls-ingestor-29aeb9fa08ae-a8e6b8
1762114211: Saving in-memory database to /mosquitto/data//mosquitto.db.
1762114252: Received PINGREQ from rtls-ingestor-29aeb9fa08ae-a8e6b8
1762114252: Sending PINGRESP to rtls-ingestor-29aeb9fa08ae-a8e6b8
1762114313: Received PINGREQ from rtls-ingestor-29aeb9fa08ae-a8e6b8
1762114313: Sending PINGRESP to rtls-ingestor-29aeb9fa08ae-a8e6b8
1762114373: Received PINGREQ from rtls-ingestor-29aeb9fa08ae-a8e6b8
1762114373: Sending PINGRESP to rtls-ingestor-29aeb9fa08ae-a8e6b8
1762114434: Received PINGREQ from rtls-ingestor-29aeb9fa08ae-a8e6b8
1762114434: Sending PINGRESP to rtls-ingestor-29aeb9fa08ae-a8e6b8
1762114494: Received PINGREQ from rtls-ingestor-29aeb9fa08ae-a8e6b8
1762114494: Sending PINGRESP to rtls-ingestor-29aeb9fa08ae-a8e6b8
1762114555: Received PINGREQ from rtls-ingestor-29aeb9fa08ae-a8e6b8
1762114555: Sending PINGRESP to rtls-ingestor-29aeb9fa08ae-a8e6b8
1762114615: Received PINGREQ from rtls-ingestor-29aeb9fa08ae-a8e6b8
1762114615: Sending PINGRESP to rtls-ingestor-29aeb9fa08ae-a8e6b8
1762114676: Received PINGREQ from rtls-ingestor-29aeb9fa08ae-a8e6b8
1762114676: Sending PINGRESP to rtls-ingestor-29aeb9fa08ae-a8e6b8
1762114736: Received PINGREQ from rtls-ingestor-29aeb9fa08ae-a8e6b8
1762114736: Sending PINGRESP to rtls-ingestor-29aeb9fa08ae-a8e6b8
1762114797: Received PINGREQ from rtls-ingestor-29aeb9fa08ae-a8e6b8
1762114797: Sending PINGRESP to rtls-ingestor-29aeb9fa08ae-a8e6b8
1762114857: Received PINGREQ from rtls-ingestor-29aeb9fa08ae-a8e6b8
1762114857: Sending PINGRESP to rtls-ingestor-29aeb9fa08ae-a8e6b8
1762114917: Received PINGREQ from rtls-ingestor-29aeb9fa08ae-a8e6b8
1762114917: Sending PINGRESP to rtls-ingestor-29aeb9fa08ae-a8e6b8
1762114977: Received PINGREQ from rtls-ingestor-29aeb9fa08ae-a8e6b8
1762114977: Sending PINGRESP to rtls-ingestor-29aeb9fa08ae-a8e6b8
1762115038: Received PINGREQ from rtls-ingestor-29aeb9fa08ae-a8e6b8
1762115038: Sending PINGRESP to rtls-ingestor-29aeb9fa08ae-a8e6b8
1762115098: Received PINGREQ from rtls-ingestor-29aeb9fa08ae-a8e6b8
1762115098: Sending PINGRESP to rtls-ingestor-29aeb9fa08ae-a8e6b8
1762115158: Received PINGREQ from rtls-ingestor-29aeb9fa08ae-a8e6b8
1762115158: Sending PINGRESP to rtls-ingestor-29aeb9fa08ae-a8e6b8
1762115219: Received PINGREQ from rtls-ingestor-29aeb9fa08ae-a8e6b8
1762115219: Sending PINGRESP to rtls-ingestor-29aeb9fa08ae-a8e6b8
1762115279: Received PINGREQ from rtls-ingestor-29aeb9fa08ae-a8e6b8
1762115279: Sending PINGRESP to rtls-ingestor-29aeb9fa08ae-a8e6b8
1762115339: Received PINGREQ from rtls-ingestor-29aeb9fa08ae-a8e6b8
1762115339: Sending PINGRESP to rtls-ingestor-29aeb9fa08ae-a8e6b8
1762115399: Received PINGREQ from rtls-ingestor-29aeb9fa08ae-a8e6b8
1762115399: Sending PINGRESP to rtls-ingestor-29aeb9fa08ae-a8e6b8
1762115460: Received PINGREQ from rtls-ingestor-29aeb9fa08ae-a8e6b8
1762115460: Sending PINGRESP to rtls-ingestor-29aeb9fa08ae-a8e6b8
1762115520: Received PINGREQ from rtls-ingestor-29aeb9fa08ae-a8e6b8
1762115520: Sending PINGRESP to rtls-ingestor-29aeb9fa08ae-a8e6b8
1762115581: Received PINGREQ from rtls-ingestor-29aeb9fa08ae-a8e6b8
1762115581: Sending PINGRESP to rtls-ingestor-29aeb9fa08ae-a8e6b8
1762115641: Received PINGREQ from rtls-ingestor-29aeb9fa08ae-a8e6b8
1762115641: Sending PINGRESP to rtls-ingestor-29aeb9fa08ae-a8e6b8
1762115701: Received PINGREQ from rtls-ingestor-29aeb9fa08ae-a8e6b8
1762115701: Sending PINGRESP to rtls-ingestor-29aeb9fa08ae-a8e6b8
1762115761: Received PINGREQ from rtls-ingestor-29aeb9fa08ae-a8e6b8
1762115761: Sending PINGRESP to rtls-ingestor-29aeb9fa08ae-a8e6b8
1762115822: Received PINGREQ from rtls-ingestor-29aeb9fa08ae-a8e6b8
1762115822: Sending PINGRESP to rtls-ingestor-29aeb9fa08ae-a8e6b8
1762115882: Received PINGREQ from rtls-ingestor-29aeb9fa08ae-a8e6b8
1762115882: Sending PINGRESP to rtls-ingestor-29aeb9fa08ae-a8e6b8
1762115942: Received PINGREQ from rtls-ingestor-29aeb9fa08ae-a8e6b8
1762115942: Sending PINGRESP to rtls-ingestor-29aeb9fa08ae-a8e6b8
1762116003: Received PINGREQ from rtls-ingestor-29aeb9fa08ae-a8e6b8
1762116003: Sending PINGRESP to rtls-ingestor-29aeb9fa08ae-a8e6b8
1762116012: Saving in-memory database to /mosquitto/data//mosquitto.db.
1762116063: Received PINGREQ from rtls-ingestor-29aeb9fa08ae-a8e6b8
1762116063: Sending PINGRESP to rtls-ingestor-29aeb9fa08ae-a8e6b8
1762116123: Received PINGREQ from rtls-ingestor-29aeb9fa08ae-a8e6b8
1762116123: Sending PINGRESP to rtls-ingestor-29aeb9fa08ae-a8e6b8
1762116184: Received PINGREQ from rtls-ingestor-29aeb9fa08ae-a8e6b8
1762116184: Sending PINGRESP to rtls-ingestor-29aeb9fa08ae-a8e6b8
1762116244: Received PINGREQ from rtls-ingestor-29aeb9fa08ae-a8e6b8
1762116244: Sending PINGRESP to rtls-ingestor-29aeb9fa08ae-a8e6b8
1762116304: Received PINGREQ from rtls-ingestor-29aeb9fa08ae-a8e6b8
1762116304: Sending PINGRESP to rtls-ingestor-29aeb9fa08ae-a8e6b8
1762116365: Received PINGREQ from rtls-ingestor-29aeb9fa08ae-a8e6b8
1762116365: Sending PINGRESP to rtls-ingestor-29aeb9fa08ae-a8e6b8
1762116425: Received PINGREQ from rtls-ingestor-29aeb9fa08ae-a8e6b8
1762116425: Sending PINGRESP to rtls-ingestor-29aeb9fa08ae-a8e6b8
1762116485: Received PINGREQ from rtls-ingestor-29aeb9fa08ae-a8e6b8
1762116485: Sending PINGRESP to rtls-ingestor-29aeb9fa08ae-a8e6b8
1762116545: Received PINGREQ from rtls-ingestor-29aeb9fa08ae-a8e6b8
1762116545: Sending PINGRESP to rtls-ingestor-29aeb9fa08ae-a8e6b8
1762116606: Received PINGREQ from rtls-ingestor-29aeb9fa08ae-a8e6b8
1762116606: Sending PINGRESP to rtls-ingestor-29aeb9fa08ae-a8e6b8
1762116666: Received PINGREQ from rtls-ingestor-29aeb9fa08ae-a8e6b8
1762116666: Sending PINGRESP to rtls-ingestor-29aeb9fa08ae-a8e6b8
1762116726: Received PINGREQ from rtls-ingestor-29aeb9fa08ae-a8e6b8
1762116726: Sending PINGRESP to rtls-ingestor-29aeb9fa08ae-a8e6b8
1762116787: Received PINGREQ from rtls-ingestor-29aeb9fa08ae-a8e6b8
1762116787: Sending PINGRESP to rtls-ingestor-29aeb9fa08ae-a8e6b8
1762116847: Received PINGREQ from rtls-ingestor-29aeb9fa08ae-a8e6b8
1762116847: Sending PINGRESP to rtls-ingestor-29aeb9fa08ae-a8e6b8
1762116907: Received PINGREQ from rtls-ingestor-29aeb9fa08ae-a8e6b8
1762116907: Sending PINGRESP to rtls-ingestor-29aeb9fa08ae-a8e6b8
1762116968: Received PINGREQ from rtls-ingestor-29aeb9fa08ae-a8e6b8
1762116968: Sending PINGRESP to rtls-ingestor-29aeb9fa08ae-a8e6b8
1762117028: Received PINGREQ from rtls-ingestor-29aeb9fa08ae-a8e6b8
1762117028: Sending PINGRESP to rtls-ingestor-29aeb9fa08ae-a8e6b8
1762117088: Received PINGREQ from rtls-ingestor-29aeb9fa08ae-a8e6b8
1762117088: Sending PINGRESP to rtls-ingestor-29aeb9fa08ae-a8e6b8
1762117148: Received PINGREQ from rtls-ingestor-29aeb9fa08ae-a8e6b8
1762117148: Sending PINGRESP to rtls-ingestor-29aeb9fa08ae-a8e6b8
1762117209: Received PINGREQ from rtls-ingestor-29aeb9fa08ae-a8e6b8
1762117209: Sending PINGRESP to rtls-ingestor-29aeb9fa08ae-a8e6b8
1762117269: Received PINGREQ from rtls-ingestor-29aeb9fa08ae-a8e6b8
1762117269: Sending PINGRESP to rtls-ingestor-29aeb9fa08ae-a8e6b8
1762117329: Received PINGREQ from rtls-ingestor-29aeb9fa08ae-a8e6b8
1762117329: Sending PINGRESP to rtls-ingestor-29aeb9fa08ae-a8e6b8
1762117390: Received PINGREQ from rtls-ingestor-29aeb9fa08ae-a8e6b8
1762117390: Sending PINGRESP to rtls-ingestor-29aeb9fa08ae-a8e6b8
1762117450: Received PINGREQ from rtls-ingestor-29aeb9fa08ae-a8e6b8
1762117450: Sending PINGRESP to rtls-ingestor-29aeb9fa08ae-a8e6b8
1762117510: Received PINGREQ from rtls-ingestor-29aeb9fa08ae-a8e6b8
1762117510: Sending PINGRESP to rtls-ingestor-29aeb9fa08ae-a8e6b8
1762117571: Received PINGREQ from rtls-ingestor-29aeb9fa08ae-a8e6b8
1762117571: Sending PINGRESP to rtls-ingestor-29aeb9fa08ae-a8e6b8
1762117631: Received PINGREQ from rtls-ingestor-29aeb9fa08ae-a8e6b8
1762117631: Sending PINGRESP to rtls-ingestor-29aeb9fa08ae-a8e6b8
1762117691: Received PINGREQ from rtls-ingestor-29aeb9fa08ae-a8e6b8
1762117691: Sending PINGRESP to rtls-ingestor-29aeb9fa08ae-a8e6b8
1762117752: Received PINGREQ from rtls-ingestor-29aeb9fa08ae-a8e6b8
1762117752: Sending PINGRESP to rtls-ingestor-29aeb9fa08ae-a8e6b8
1762117812: Received PINGREQ from rtls-ingestor-29aeb9fa08ae-a8e6b8
1762117812: Sending PINGRESP to rtls-ingestor-29aeb9fa08ae-a8e6b8
1762117813: Saving in-memory database to /mosquitto/data//mosquitto.db.
1762117872: Received PINGREQ from rtls-ingestor-29aeb9fa08ae-a8e6b8
1762117872: Sending PINGRESP to rtls-ingestor-29aeb9fa08ae-a8e6b8
1762117932: Received PINGREQ from rtls-ingestor-29aeb9fa08ae-a8e6b8
1762117932: Sending PINGRESP to rtls-ingestor-29aeb9fa08ae-a8e6b8
1762117993: Received PINGREQ from rtls-ingestor-29aeb9fa08ae-a8e6b8
1762117993: Sending PINGRESP to rtls-ingestor-29aeb9fa08ae-a8e6b8
1762118053: Received PINGREQ from rtls-ingestor-29aeb9fa08ae-a8e6b8
1762118053: Sending PINGRESP to rtls-ingestor-29aeb9fa08ae-a8e6b8
1762118083: mosquitto version 2.0.22 terminating
1762118083: Saving in-memory database to /mosquitto/data//mosquitto.db.
1762118088: mosquitto version 2.0.22 starting
1762118088: Config loaded from /mosquitto/config/mosquitto.conf.
1762118088: Opening ipv4 listen socket on port 1883.
1762118088: Opening websockets listen socket on port 9001.
1762118088: mosquitto version 2.0.22 running
1762118099: New connection from 172.18.0.5:35115 on port 1883.
1762118099: New client connected from 172.18.0.5:35115 as rtls-ingestor-29aeb9fa08ae-b5c8d3 (p2, c1, k60).
1762118099: Will message specified (71 bytes) (r1, q1).
1762118099: 	rtls/ingestor/status
1762118099: Sending CONNACK to rtls-ingestor-29aeb9fa08ae-b5c8d3 (0, 0)
1762118099: Received PUBLISH from rtls-ingestor-29aeb9fa08ae-b5c8d3 (d0, q1, r1, m1, 'rtls/ingestor/status', ... (70 bytes))
1762118099: Sending PUBACK to rtls-ingestor-29aeb9fa08ae-b5c8d3 (m1, rc0)
1762118099: Received SUBSCRIBE from rtls-ingestor-29aeb9fa08ae-b5c8d3
1762118099: 	rtls/anchor/+/scan (QoS 1)
1762118099: rtls-ingestor-29aeb9fa08ae-b5c8d3 1 rtls/anchor/+/scan
1762118099: 	rtls/anchor/+/status (QoS 1)
1762118099: rtls-ingestor-29aeb9fa08ae-b5c8d3 1 rtls/anchor/+/status
1762118099: 	rtls/events (QoS 1)
1762118099: rtls-ingestor-29aeb9fa08ae-b5c8d3 1 rtls/events
1762118099: Sending SUBACK to rtls-ingestor-29aeb9fa08ae-b5c8d3
1762118159: Received PINGREQ from rtls-ingestor-29aeb9fa08ae-b5c8d3
1762118159: Sending PINGRESP to rtls-ingestor-29aeb9fa08ae-b5c8d3
1762118219: Received PINGREQ from rtls-ingestor-29aeb9fa08ae-b5c8d3
1762118219: Sending PINGRESP to rtls-ingestor-29aeb9fa08ae-b5c8d3
1762118280: Received PINGREQ from rtls-ingestor-29aeb9fa08ae-b5c8d3
1762118280: Sending PINGRESP to rtls-ingestor-29aeb9fa08ae-b5c8d3
1762118340: Received PINGREQ from rtls-ingestor-29aeb9fa08ae-b5c8d3
1762118340: Sending PINGRESP to rtls-ingestor-29aeb9fa08ae-b5c8d3
1762118400: Received PINGREQ from rtls-ingestor-29aeb9fa08ae-b5c8d3
1762118400: Sending PINGRESP to rtls-ingestor-29aeb9fa08ae-b5c8d3
1762118460: Received PINGREQ from rtls-ingestor-29aeb9fa08ae-b5c8d3
1762118460: Sending PINGRESP to rtls-ingestor-29aeb9fa08ae-b5c8d3
1762118521: Received PINGREQ from rtls-ingestor-29aeb9fa08ae-b5c8d3
1762118521: Sending PINGRESP to rtls-ingestor-29aeb9fa08ae-b5c8d3
1762118581: Received PINGREQ from rtls-ingestor-29aeb9fa08ae-b5c8d3
1762118581: Sending PINGRESP to rtls-ingestor-29aeb9fa08ae-b5c8d3
1762118641: Received PINGREQ from rtls-ingestor-29aeb9fa08ae-b5c8d3
1762118641: Sending PINGRESP to rtls-ingestor-29aeb9fa08ae-b5c8d3
1762118702: Received PINGREQ from rtls-ingestor-29aeb9fa08ae-b5c8d3
1762118702: Sending PINGRESP to rtls-ingestor-29aeb9fa08ae-b5c8d3
1762118762: Received PINGREQ from rtls-ingestor-29aeb9fa08ae-b5c8d3
1762118762: Sending PINGRESP to rtls-ingestor-29aeb9fa08ae-b5c8d3
1762118822: Received PINGREQ from rtls-ingestor-29aeb9fa08ae-b5c8d3
1762118822: Sending PINGRESP to rtls-ingestor-29aeb9fa08ae-b5c8d3
1762118883: Received PINGREQ from rtls-ingestor-29aeb9fa08ae-b5c8d3
1762118883: Sending PINGRESP to rtls-ingestor-29aeb9fa08ae-b5c8d3
1762118943: Received PINGREQ from rtls-ingestor-29aeb9fa08ae-b5c8d3
1762118943: Sending PINGRESP to rtls-ingestor-29aeb9fa08ae-b5c8d3
1762119003: Received PINGREQ from rtls-ingestor-29aeb9fa08ae-b5c8d3
1762119003: Sending PINGRESP to rtls-ingestor-29aeb9fa08ae-b5c8d3
1762119063: Received PINGREQ from rtls-ingestor-29aeb9fa08ae-b5c8d3
1762119063: Sending PINGRESP to rtls-ingestor-29aeb9fa08ae-b5c8d3
1762119124: Received PINGREQ from rtls-ingestor-29aeb9fa08ae-b5c8d3
1762119124: Sending PINGRESP to rtls-ingestor-29aeb9fa08ae-b5c8d3
1762119184: Received PINGREQ from rtls-ingestor-29aeb9fa08ae-b5c8d3
1762119184: Sending PINGRESP to rtls-ingestor-29aeb9fa08ae-b5c8d3
1762119244: Received PINGREQ from rtls-ingestor-29aeb9fa08ae-b5c8d3
1762119244: Sending PINGRESP to rtls-ingestor-29aeb9fa08ae-b5c8d3
1762119305: Received PINGREQ from rtls-ingestor-29aeb9fa08ae-b5c8d3
1762119305: Sending PINGRESP to rtls-ingestor-29aeb9fa08ae-b5c8d3
1762119365: Received PINGREQ from rtls-ingestor-29aeb9fa08ae-b5c8d3
1762119365: Sending PINGRESP to rtls-ingestor-29aeb9fa08ae-b5c8d3
1762119425: Received PINGREQ from rtls-ingestor-29aeb9fa08ae-b5c8d3
1762119425: Sending PINGRESP to rtls-ingestor-29aeb9fa08ae-b5c8d3
1762119486: Received PINGREQ from rtls-ingestor-29aeb9fa08ae-b5c8d3
1762119486: Sending PINGRESP to rtls-ingestor-29aeb9fa08ae-b5c8d3
1762119546: Received PINGREQ from rtls-ingestor-29aeb9fa08ae-b5c8d3
1762119546: Sending PINGRESP to rtls-ingestor-29aeb9fa08ae-b5c8d3
1762119606: Received PINGREQ from rtls-ingestor-29aeb9fa08ae-b5c8d3
1762119606: Sending PINGRESP to rtls-ingestor-29aeb9fa08ae-b5c8d3
1762119666: Received PINGREQ from rtls-ingestor-29aeb9fa08ae-b5c8d3
1762119666: Sending PINGRESP to rtls-ingestor-29aeb9fa08ae-b5c8d3
1762119727: Received PINGREQ from rtls-ingestor-29aeb9fa08ae-b5c8d3
1762119727: Sending PINGRESP to rtls-ingestor-29aeb9fa08ae-b5c8d3
1762119787: Received PINGREQ from rtls-ingestor-29aeb9fa08ae-b5c8d3
1762119787: Sending PINGRESP to rtls-ingestor-29aeb9fa08ae-b5c8d3
1762119847: Received PINGREQ from rtls-ingestor-29aeb9fa08ae-b5c8d3
1762119847: Sending PINGRESP to rtls-ingestor-29aeb9fa08ae-b5c8d3
1762119888: Saving in-memory database to /mosquitto/data//mosquitto.db.
1762119908: Received PINGREQ from rtls-ingestor-29aeb9fa08ae-b5c8d3
1762119908: Sending PINGRESP to rtls-ingestor-29aeb9fa08ae-b5c8d3
1762119968: Received PINGREQ from rtls-ingestor-29aeb9fa08ae-b5c8d3
1762119968: Sending PINGRESP to rtls-ingestor-29aeb9fa08ae-b5c8d3
1762120028: Received PINGREQ from rtls-ingestor-29aeb9fa08ae-b5c8d3
1762120028: Sending PINGRESP to rtls-ingestor-29aeb9fa08ae-b5c8d3
1762120089: Received PINGREQ from rtls-ingestor-29aeb9fa08ae-b5c8d3
1762120089: Sending PINGRESP to rtls-ingestor-29aeb9fa08ae-b5c8d3
1762120149: Received PINGREQ from rtls-ingestor-29aeb9fa08ae-b5c8d3
1762120149: Sending PINGRESP to rtls-ingestor-29aeb9fa08ae-b5c8d3
1762120209: Received PINGREQ from rtls-ingestor-29aeb9fa08ae-b5c8d3
1762120209: Sending PINGRESP to rtls-ingestor-29aeb9fa08ae-b5c8d3
1762120269: Received PINGREQ from rtls-ingestor-29aeb9fa08ae-b5c8d3
1762120269: Sending PINGRESP to rtls-ingestor-29aeb9fa08ae-b5c8d3
1762120330: Received PINGREQ from rtls-ingestor-29aeb9fa08ae-b5c8d3
1762120330: Sending PINGRESP to rtls-ingestor-29aeb9fa08ae-b5c8d3
1762120390: Received PINGREQ from rtls-ingestor-29aeb9fa08ae-b5c8d3
1762120390: Sending PINGRESP to rtls-ingestor-29aeb9fa08ae-b5c8d3
1762120450: Received PINGREQ from rtls-ingestor-29aeb9fa08ae-b5c8d3
1762120450: Sending PINGRESP to rtls-ingestor-29aeb9fa08ae-b5c8d3
1762120511: Received PINGREQ from rtls-ingestor-29aeb9fa08ae-b5c8d3
1762120511: Sending PINGRESP to rtls-ingestor-29aeb9fa08ae-b5c8d3
1762120571: Received PINGREQ from rtls-ingestor-29aeb9fa08ae-b5c8d3
1762120571: Sending PINGRESP to rtls-ingestor-29aeb9fa08ae-b5c8d3
1762120631: Received PINGREQ from rtls-ingestor-29aeb9fa08ae-b5c8d3
1762120631: Sending PINGRESP to rtls-ingestor-29aeb9fa08ae-b5c8d3
1762120691: Received PINGREQ from rtls-ingestor-29aeb9fa08ae-b5c8d3
1762120691: Sending PINGRESP to rtls-ingestor-29aeb9fa08ae-b5c8d3
1762120752: Received PINGREQ from rtls-ingestor-29aeb9fa08ae-b5c8d3
1762120752: Sending PINGRESP to rtls-ingestor-29aeb9fa08ae-b5c8d3
1762120812: Received PINGREQ from rtls-ingestor-29aeb9fa08ae-b5c8d3
1762120812: Sending PINGRESP to rtls-ingestor-29aeb9fa08ae-b5c8d3
1762120872: Received PINGREQ from rtls-ingestor-29aeb9fa08ae-b5c8d3
1762120872: Sending PINGRESP to rtls-ingestor-29aeb9fa08ae-b5c8d3
1762120933: Received PINGREQ from rtls-ingestor-29aeb9fa08ae-b5c8d3
1762120933: Sending PINGRESP to rtls-ingestor-29aeb9fa08ae-b5c8d3
1762120993: Received PINGREQ from rtls-ingestor-29aeb9fa08ae-b5c8d3
1762120993: Sending PINGRESP to rtls-ingestor-29aeb9fa08ae-b5c8d3
1762121053: Received PINGREQ from rtls-ingestor-29aeb9fa08ae-b5c8d3
1762121053: Sending PINGRESP to rtls-ingestor-29aeb9fa08ae-b5c8d3
1762121113: Received PINGREQ from rtls-ingestor-29aeb9fa08ae-b5c8d3
1762121113: Sending PINGRESP to rtls-ingestor-29aeb9fa08ae-b5c8d3
1762121174: Received PINGREQ from rtls-ingestor-29aeb9fa08ae-b5c8d3
1762121174: Sending PINGRESP to rtls-ingestor-29aeb9fa08ae-b5c8d3
1762121234: Received PINGREQ from rtls-ingestor-29aeb9fa08ae-b5c8d3
1762121234: Sending PINGRESP to rtls-ingestor-29aeb9fa08ae-b5c8d3
1762121294: Received PINGREQ from rtls-ingestor-29aeb9fa08ae-b5c8d3
1762121294: Sending PINGRESP to rtls-ingestor-29aeb9fa08ae-b5c8d3
1762121355: Received PINGREQ from rtls-ingestor-29aeb9fa08ae-b5c8d3
1762121355: Sending PINGRESP to rtls-ingestor-29aeb9fa08ae-b5c8d3
1762121415: Received PINGREQ from rtls-ingestor-29aeb9fa08ae-b5c8d3
1762121415: Sending PINGRESP to rtls-ingestor-29aeb9fa08ae-b5c8d3
1762121475: Received PINGREQ from rtls-ingestor-29aeb9fa08ae-b5c8d3
1762121475: Sending PINGRESP to rtls-ingestor-29aeb9fa08ae-b5c8d3
1762121535: Received PINGREQ from rtls-ingestor-29aeb9fa08ae-b5c8d3
1762121535: Sending PINGRESP to rtls-ingestor-29aeb9fa08ae-b5c8d3
1762121596: Received PINGREQ from rtls-ingestor-29aeb9fa08ae-b5c8d3
1762121596: Sending PINGRESP to rtls-ingestor-29aeb9fa08ae-b5c8d3
1762121656: Received PINGREQ from rtls-ingestor-29aeb9fa08ae-b5c8d3
1762121656: Sending PINGRESP to rtls-ingestor-29aeb9fa08ae-b5c8d3
1762121689: Saving in-memory database to /mosquitto/data//mosquitto.db.
1762121716: Received PINGREQ from rtls-ingestor-29aeb9fa08ae-b5c8d3
1762121716: Sending PINGRESP to rtls-ingestor-29aeb9fa08ae-b5c8d3
1762121777: Received PINGREQ from rtls-ingestor-29aeb9fa08ae-b5c8d3
1762121777: Sending PINGRESP to rtls-ingestor-29aeb9fa08ae-b5c8d3
1762121837: Received PINGREQ from rtls-ingestor-29aeb9fa08ae-b5c8d3
1762121837: Sending PINGRESP to rtls-ingestor-29aeb9fa08ae-b5c8d3
1762121897: Received PINGREQ from rtls-ingestor-29aeb9fa08ae-b5c8d3
1762121897: Sending PINGRESP to rtls-ingestor-29aeb9fa08ae-b5c8d3
1762121958: Received PINGREQ from rtls-ingestor-29aeb9fa08ae-b5c8d3
1762121958: Sending PINGRESP to rtls-ingestor-29aeb9fa08ae-b5c8d3
1762122018: Received PINGREQ from rtls-ingestor-29aeb9fa08ae-b5c8d3
1762122018: Sending PINGRESP to rtls-ingestor-29aeb9fa08ae-b5c8d3
1762122078: Received PINGREQ from rtls-ingestor-29aeb9fa08ae-b5c8d3
1762122078: Sending PINGRESP to rtls-ingestor-29aeb9fa08ae-b5c8d3
1762122138: Received PINGREQ from rtls-ingestor-29aeb9fa08ae-b5c8d3
1762122138: Sending PINGRESP to rtls-ingestor-29aeb9fa08ae-b5c8d3
1762122199: Received PINGREQ from rtls-ingestor-29aeb9fa08ae-b5c8d3
1762122199: Sending PINGRESP to rtls-ingestor-29aeb9fa08ae-b5c8d3
1762122259: Received PINGREQ from rtls-ingestor-29aeb9fa08ae-b5c8d3
1762122259: Sending PINGRESP to rtls-ingestor-29aeb9fa08ae-b5c8d3
1762122319: Received PINGREQ from rtls-ingestor-29aeb9fa08ae-b5c8d3
1762122319: Sending PINGRESP to rtls-ingestor-29aeb9fa08ae-b5c8d3
1762122380: Received PINGREQ from rtls-ingestor-29aeb9fa08ae-b5c8d3
1762122380: Sending PINGRESP to rtls-ingestor-29aeb9fa08ae-b5c8d3
1762122440: Received PINGREQ from rtls-ingestor-29aeb9fa08ae-b5c8d3
1762122440: Sending PINGRESP to rtls-ingestor-29aeb9fa08ae-b5c8d3
1762122500: Received PINGREQ from rtls-ingestor-29aeb9fa08ae-b5c8d3
1762122500: Sending PINGRESP to rtls-ingestor-29aeb9fa08ae-b5c8d3
1762122560: Received PINGREQ from rtls-ingestor-29aeb9fa08ae-b5c8d3
1762122560: Sending PINGRESP to rtls-ingestor-29aeb9fa08ae-b5c8d3
1762122621: Received PINGREQ from rtls-ingestor-29aeb9fa08ae-b5c8d3
1762122621: Sending PINGRESP to rtls-ingestor-29aeb9fa08ae-b5c8d3
1762122681: Received PINGREQ from rtls-ingestor-29aeb9fa08ae-b5c8d3
1762122681: Sending PINGRESP to rtls-ingestor-29aeb9fa08ae-b5c8d3
1762122741: Received PINGREQ from rtls-ingestor-29aeb9fa08ae-b5c8d3
1762122741: Sending PINGRESP to rtls-ingestor-29aeb9fa08ae-b5c8d3
1762122802: Received PINGREQ from rtls-ingestor-29aeb9fa08ae-b5c8d3
1762122802: Sending PINGRESP to rtls-ingestor-29aeb9fa08ae-b5c8d3
1762122862: Received PINGREQ from rtls-ingestor-29aeb9fa08ae-b5c8d3
1762122862: Sending PINGRESP to rtls-ingestor-29aeb9fa08ae-b5c8d3
1762122922: Received PINGREQ from rtls-ingestor-29aeb9fa08ae-b5c8d3
1762122922: Sending PINGRESP to rtls-ingestor-29aeb9fa08ae-b5c8d3
1762122983: Received PINGREQ from rtls-ingestor-29aeb9fa08ae-b5c8d3
1762122983: Sending PINGRESP to rtls-ingestor-29aeb9fa08ae-b5c8d3
1762123043: Received PINGREQ from rtls-ingestor-29aeb9fa08ae-b5c8d3
1762123043: Sending PINGRESP to rtls-ingestor-29aeb9fa08ae-b5c8d3
1762123103: Received PINGREQ from rtls-ingestor-29aeb9fa08ae-b5c8d3
1762123103: Sending PINGRESP to rtls-ingestor-29aeb9fa08ae-b5c8d3
1762123163: Received PINGREQ from rtls-ingestor-29aeb9fa08ae-b5c8d3
1762123163: Sending PINGRESP to rtls-ingestor-29aeb9fa08ae-b5c8d3
1762123224: Received PINGREQ from rtls-ingestor-29aeb9fa08ae-b5c8d3
1762123224: Sending PINGRESP to rtls-ingestor-29aeb9fa08ae-b5c8d3
1762123284: Received PINGREQ from rtls-ingestor-29aeb9fa08ae-b5c8d3
1762123284: Sending PINGRESP to rtls-ingestor-29aeb9fa08ae-b5c8d3
1762123344: Received PINGREQ from rtls-ingestor-29aeb9fa08ae-b5c8d3
1762123344: Sending PINGRESP to rtls-ingestor-29aeb9fa08ae-b5c8d3
1762123405: Received PINGREQ from rtls-ingestor-29aeb9fa08ae-b5c8d3
1762123405: Sending PINGRESP to rtls-ingestor-29aeb9fa08ae-b5c8d3
1762123465: Received PINGREQ from rtls-ingestor-29aeb9fa08ae-b5c8d3
1762123465: Sending PINGRESP to rtls-ingestor-29aeb9fa08ae-b5c8d3
1762123490: Saving in-memory database to /mosquitto/data//mosquitto.db.
1762123525: Received PINGREQ from rtls-ingestor-29aeb9fa08ae-b5c8d3
1762123525: Sending PINGRESP to rtls-ingestor-29aeb9fa08ae-b5c8d3
1762123586: Received PINGREQ from rtls-ingestor-29aeb9fa08ae-b5c8d3
1762123586: Sending PINGRESP to rtls-ingestor-29aeb9fa08ae-b5c8d3
1762123646: Received PINGREQ from rtls-ingestor-29aeb9fa08ae-b5c8d3
1762123646: Sending PINGRESP to rtls-ingestor-29aeb9fa08ae-b5c8d3
1762123706: Received PINGREQ from rtls-ingestor-29aeb9fa08ae-b5c8d3
1762123706: Sending PINGRESP to rtls-ingestor-29aeb9fa08ae-b5c8d3
1762123766: Received PINGREQ from rtls-ingestor-29aeb9fa08ae-b5c8d3
1762123766: Sending PINGRESP to rtls-ingestor-29aeb9fa08ae-b5c8d3
1762123827: Received PINGREQ from rtls-ingestor-29aeb9fa08ae-b5c8d3
1762123827: Sending PINGRESP to rtls-ingestor-29aeb9fa08ae-b5c8d3
1762123887: Received PINGREQ from rtls-ingestor-29aeb9fa08ae-b5c8d3
1762123887: Sending PINGRESP to rtls-ingestor-29aeb9fa08ae-b5c8d3
1762123947: Received PINGREQ from rtls-ingestor-29aeb9fa08ae-b5c8d3
1762123947: Sending PINGRESP to rtls-ingestor-29aeb9fa08ae-b5c8d3
1762124008: Received PINGREQ from rtls-ingestor-29aeb9fa08ae-b5c8d3
1762124008: Sending PINGRESP to rtls-ingestor-29aeb9fa08ae-b5c8d3
1762124068: Received PINGREQ from rtls-ingestor-29aeb9fa08ae-b5c8d3
1762124068: Sending PINGRESP to rtls-ingestor-29aeb9fa08ae-b5c8d3
1762124128: Received PINGREQ from rtls-ingestor-29aeb9fa08ae-b5c8d3
1762124128: Sending PINGRESP to rtls-ingestor-29aeb9fa08ae-b5c8d3
1762124189: Received PINGREQ from rtls-ingestor-29aeb9fa08ae-b5c8d3
1762124189: Sending PINGRESP to rtls-ingestor-29aeb9fa08ae-b5c8d3
1762124249: Received PINGREQ from rtls-ingestor-29aeb9fa08ae-b5c8d3
1762124249: Sending PINGRESP to rtls-ingestor-29aeb9fa08ae-b5c8d3
1762124309: Received PINGREQ from rtls-ingestor-29aeb9fa08ae-b5c8d3
1762124309: Sending PINGRESP to rtls-ingestor-29aeb9fa08ae-b5c8d3
1762124370: Received PINGREQ from rtls-ingestor-29aeb9fa08ae-b5c8d3
1762124370: Sending PINGRESP to rtls-ingestor-29aeb9fa08ae-b5c8d3
1762124430: Received PINGREQ from rtls-ingestor-29aeb9fa08ae-b5c8d3
1762124430: Sending PINGRESP to rtls-ingestor-29aeb9fa08ae-b5c8d3
1762124489: mosquitto version 2.0.22 terminating
1762124489: Saving in-memory database to /mosquitto/data//mosquitto.db.
